# JRE version: Java(TM) SE Runtime Environment (17.0.10+11) (build 17.0.10+11-LTS-240)
# Java VM: Java HotSpot(TM) 64-Bit Server VM (17.0.10+11-LTS-240, mixed mode, sharing, tiered, compressed oops, compressed class ptrs, g1 gc, windows-amd64)
GC Precious Log:
 CPUs: 8 total, 8 available
 Memory: 8043M
 Large Page Support: Disabled
 NUMA Support: Disabled
 Compressed Oops: Enabled (32-bit)
 Heap Region Size: 1M
 Heap Min Capacity: 256M
 Heap Initial Capacity: 256M
 Heap Max Capacity: 512M
 Pre-touch: Disabled
 Parallel Workers: 8
 Concurrent Workers: 2
 Concurrent Refinement Workers: 8
 Periodic GC: Disabled
Heap:
 garbage-first heap   total 262144K, used 71477K [0x00000000e0000000, 0x0000000100000000)
  region size 1024K, 49 young (50176K), 18 survivors (18432K)
 Metaspace       used 50099K, committed 50624K, reserved 393216K
  class space    used 7182K, committed 7424K, reserved 327680K
GC Heap History (12 events):
Event: 2.387 GC heap before
{Heap before GC invocations=0 (full 0):
 garbage-first heap   total 262144K, used 26624K [0x00000000e0000000, 0x0000000100000000)
  region size 1024K, 23 young (23552K), 0 survivors (0K)
 Metaspace       used 2108K, committed 2240K, reserved 393216K
  class space    used 227K, committed 320K, reserved 327680K
}
Event: 2.403 GC heap after
{Heap after GC invocations=1 (full 0):
 garbage-first heap   total 262144K, used 10924K [0x00000000e0000000, 0x0000000100000000)
  region size 1024K, 3 young (3072K), 3 survivors (3072K)
 Metaspace       used 2108K, committed 2240K, reserved 393216K
  class space    used 227K, committed 320K, reserved 327680K
}
Event: 3.997 GC heap before
{Heap before GC invocations=1 (full 0):
 garbage-first heap   total 262144K, used 37548K [0x00000000e0000000, 0x0000000100000000)
  region size 1024K, 29 young (29696K), 3 survivors (3072K)
 Metaspace       used 4055K, committed 4224K, reserved 393216K
  class space    used 502K, committed 640K, reserved 327680K
}
Event: 4.001 GC heap after
{Heap after GC invocations=2 (full 0):
 garbage-first heap   total 262144K, used 12118K [0x00000000e0000000, 0x0000000100000000)
  region size 1024K, 2 young (2048K), 2 survivors (2048K)
 Metaspace       used 4055K, committed 4224K, reserved 393216K
  class space    used 502K, committed 640K, reserved 327680K
}
Event: 11.818 GC heap before
{Heap before GC invocations=2 (full 0):
 garbage-first heap   total 262144K, used 120662K [0x00000000e0000000, 0x0000000100000000)
  region size 1024K, 106 young (108544K), 2 survivors (2048K)
 Metaspace       used 18130K, committed 18432K, reserved 393216K
  class space    used 2609K, committed 2752K, reserved 327680K
}
Event: 11.869 GC heap after
{Heap after GC invocations=3 (full 0):
 garbage-first heap   total 262144K, used 22469K [0x00000000e0000000, 0x0000000100000000)
  region size 1024K, 11 young (11264K), 11 survivors (11264K)
 Metaspace       used 18130K, committed 18432K, reserved 393216K
  class space    used 2609K, committed 2752K, reserved 327680K
}
Event: 13.096 GC heap before
{Heap before GC invocations=3 (full 0):
 garbage-first heap   total 262144K, used 47045K [0x00000000e0000000, 0x0000000100000000)
  region size 1024K, 36 young (36864K), 11 survivors (11264K)
 Metaspace       used 21263K, committed 21504K, reserved 393216K
  class space    used 3133K, committed 3264K, reserved 327680K
}
Event: 13.102 GC heap after
{Heap after GC invocations=4 (full 0):
 garbage-first heap   total 262144K, used 24446K [0x00000000e0000000, 0x0000000100000000)
  region size 1024K, 12 young (12288K), 12 survivors (12288K)
 Metaspace       used 21263K, committed 21504K, reserved 393216K
  class space    used 3133K, committed 3264K, reserved 327680K
}
Event: 17.987 GC heap before
{Heap before GC invocations=5 (full 0):
 garbage-first heap   total 262144K, used 147326K [0x00000000e0000000, 0x0000000100000000)
  region size 1024K, 129 young (132096K), 12 survivors (12288K)
 Metaspace       used 35666K, committed 36096K, reserved 393216K
  class space    used 4958K, committed 5184K, reserved 327680K
}
Event: 18.004 GC heap after
{Heap after GC invocations=6 (full 0):
 garbage-first heap   total 262144K, used 33467K [0x00000000e0000000, 0x0000000100000000)
  region size 1024K, 11 young (11264K), 11 survivors (11264K)
 Metaspace       used 35666K, committed 36096K, reserved 393216K
  class space    used 4958K, committed 5184K, reserved 327680K
}
Event: 22.035 GC heap before
{Heap before GC invocations=7 (full 0):
 garbage-first heap   total 262144K, used 179899K [0x00000000e0000000, 0x0000000100000000)
  region size 1024K, 153 young (156672K), 11 survivors (11264K)
 Metaspace       used 48749K, committed 49344K, reserved 393216K
  class space    used 6947K, committed 7232K, reserved 327680K
}
Event: 22.050 GC heap after
{Heap after GC invocations=8 (full 0):
 garbage-first heap   total 262144K, used 40757K [0x00000000e0000000, 0x0000000100000000)
  region size 1024K, 18 young (18432K), 18 survivors (18432K)
 Metaspace       used 48749K, committed 49344K, reserved 393216K
  class space    used 6947K, committed 7232K, reserved 327680K
}

